2023-02-07 22:44:11,633 - mmcls - INFO - Environment info:
------------------------------------------------------------
sys.platform: linux
Python: 3.8.16 (default, Jan 17 2023, 23:13:24) [GCC 11.2.0]
CUDA available: True
GPU 0: NVIDIA GeForce RTX 3090
CUDA_HOME: /data/apps/cuda/11.1
NVCC: Cuda compilation tools, release 11.1, V11.1.74
GCC: gcc (GCC) 7.3.0
PyTorch: 1.10.0+cu111
PyTorch compiling details: PyTorch built with:
  - GCC 7.3
  - C++ Version: 201402
  - Intel(R) Math Kernel Library Version 2020.0.0 Product Build 20191122 for Intel(R) 64 architecture applications
  - Intel(R) MKL-DNN v2.2.3 (Git Hash 7336ca9f055cf1bfa13efb658fe15dc9b41f0740)
  - OpenMP 201511 (a.k.a. OpenMP 4.5)
  - LAPACK is enabled (usually provided by MKL)
  - NNPACK is enabled
  - CPU capability usage: AVX2
  - CUDA Runtime 11.1
  - NVCC architecture flags: -gencode;arch=compute_37,code=sm_37;-gencode;arch=compute_50,code=sm_50;-gencode;arch=compute_60,code=sm_60;-gencode;arch=compute_70,code=sm_70;-gencode;arch=compute_75,code=sm_75;-gencode;arch=compute_80,code=sm_80;-gencode;arch=compute_86,code=sm_86
  - CuDNN 8.0.5
  - Magma 2.5.2
  - Build settings: BLAS_INFO=mkl, BUILD_TYPE=Release, CUDA_VERSION=11.1, CUDNN_VERSION=8.0.5, CXX_COMPILER=/opt/rh/devtoolset-7/root/usr/bin/c++, CXX_FLAGS= -Wno-deprecated -fvisibility-inlines-hidden -DUSE_PTHREADPOOL -fopenmp -DNDEBUG -DUSE_KINETO -DUSE_FBGEMM -DUSE_QNNPACK -DUSE_PYTORCH_QNNPACK -DUSE_XNNPACK -DSYMBOLICATE_MOBILE_DEBUG_HANDLE -DEDGE_PROFILER_USE_KINETO -O2 -fPIC -Wno-narrowing -Wall -Wextra -Werror=return-type -Wno-missing-field-initializers -Wno-type-limits -Wno-array-bounds -Wno-unknown-pragmas -Wno-sign-compare -Wno-unused-parameter -Wno-unused-variable -Wno-unused-function -Wno-unused-result -Wno-unused-local-typedefs -Wno-strict-overflow -Wno-strict-aliasing -Wno-error=deprecated-declarations -Wno-stringop-overflow -Wno-psabi -Wno-error=pedantic -Wno-error=redundant-decls -Wno-error=old-style-cast -fdiagnostics-color=always -faligned-new -Wno-unused-but-set-variable -Wno-maybe-uninitialized -fno-math-errno -fno-trapping-math -Werror=format -Wno-stringop-overflow, LAPACK_INFO=mkl, PERF_WITH_AVX=1, PERF_WITH_AVX2=1, PERF_WITH_AVX512=1, TORCH_VERSION=1.10.0, USE_CUDA=ON, USE_CUDNN=ON, USE_EXCEPTION_PTR=1, USE_GFLAGS=OFF, USE_GLOG=OFF, USE_MKL=ON, USE_MKLDNN=ON, USE_MPI=OFF, USE_NCCL=ON, USE_NNPACK=ON, USE_OPENMP=ON, 

TorchVision: 0.11.0+cu111
OpenCV: 4.7.0
MMCV: 1.7.0
MMCV Compiler: GCC 7.3
MMCV CUDA Compiler: 11.1
MMClassification: 0.25.0+3d4f80d
------------------------------------------------------------

2023-02-07 22:44:11,635 - mmcls - INFO - Distributed training: False
2023-02-07 22:44:11,733 - mmcls - INFO - Config:
model = dict(
    type='ImageClassifier',
    backbone=dict(
        type='ResNet',
        depth=18,
        num_stages=4,
        out_indices=(3, ),
        style='pytorch'),
    neck=dict(type='GlobalAveragePooling'),
    head=dict(
        type='LinearClsHead',
        num_classes=5,
        in_channels=512,
        loss=dict(type='CrossEntropyLoss', loss_weight=1.0),
        topk=(1, )))
dataset_type = 'ImageNet'
img_norm_cfg = dict(
    mean=[123.675, 116.28, 103.53], std=[58.395, 57.12, 57.375], to_rgb=True)
train_pipeline = [
    dict(type='LoadImageFromFile'),
    dict(type='RandomResizedCrop', size=224),
    dict(type='RandomFlip', flip_prob=0.5, direction='horizontal'),
    dict(
        type='Normalize',
        mean=[123.675, 116.28, 103.53],
        std=[58.395, 57.12, 57.375],
        to_rgb=True),
    dict(type='ImageToTensor', keys=['img']),
    dict(type='ToTensor', keys=['gt_label']),
    dict(type='Collect', keys=['img', 'gt_label'])
]
test_pipeline = [
    dict(type='LoadImageFromFile'),
    dict(type='Resize', size=(256, -1)),
    dict(type='CenterCrop', crop_size=224),
    dict(
        type='Normalize',
        mean=[123.675, 116.28, 103.53],
        std=[58.395, 57.12, 57.375],
        to_rgb=True),
    dict(type='ImageToTensor', keys=['img']),
    dict(type='Collect', keys=['img'])
]
data = dict(
    samples_per_gpu=32,
    workers_per_gpu=2,
    train=dict(
        type='ImageNet',
        data_prefix='data/flower/train',
        pipeline=[
            dict(type='LoadImageFromFile'),
            dict(type='RandomResizedCrop', size=224),
            dict(type='RandomFlip', flip_prob=0.5, direction='horizontal'),
            dict(
                type='Normalize',
                mean=[123.675, 116.28, 103.53],
                std=[58.395, 57.12, 57.375],
                to_rgb=True),
            dict(type='ImageToTensor', keys=['img']),
            dict(type='ToTensor', keys=['gt_label']),
            dict(type='Collect', keys=['img', 'gt_label'])
        ],
        ann_file='data/flower/train.txt',
        classes='data/flower/classes.txt'),
    val=dict(
        type='ImageNet',
        data_prefix='data/flower/val',
        ann_file='data/flower/val.txt',
        pipeline=[
            dict(type='LoadImageFromFile'),
            dict(type='Resize', size=(256, -1)),
            dict(type='CenterCrop', crop_size=224),
            dict(
                type='Normalize',
                mean=[123.675, 116.28, 103.53],
                std=[58.395, 57.12, 57.375],
                to_rgb=True),
            dict(type='ImageToTensor', keys=['img']),
            dict(type='Collect', keys=['img'])
        ],
        classes='data/flower/classes.txt'),
    test=dict(
        type='ImageNet',
        data_prefix='data/imagenet/val',
        ann_file='data/imagenet/meta/val.txt',
        pipeline=[
            dict(type='LoadImageFromFile'),
            dict(type='Resize', size=(256, -1)),
            dict(type='CenterCrop', crop_size=224),
            dict(
                type='Normalize',
                mean=[123.675, 116.28, 103.53],
                std=[58.395, 57.12, 57.375],
                to_rgb=True),
            dict(type='ImageToTensor', keys=['img']),
            dict(type='Collect', keys=['img'])
        ]))
evaluation = dict(interval=1, metric='accuracy')
checkpoint_config = dict(interval=1)
log_config = dict(interval=100, hooks=[dict(type='TextLoggerHook')])
dist_params = dict(backend='nccl')
log_level = 'INFO'
load_from = '/HOME/scz0be3/run/mmclassification/checkpoints/checkpoints/resnet18_batch256_imagenet_20200708-34ab8f90.pth'
resume_from = None
workflow = [('train', 1)]
optimizer = dict(type='SGD', lr=0.001, momentum=0.9, weight_decay=0.0001)
optimizer_config = dict(grad_clip=None)
lr_config = dict(policy='step', step=[1])
runner = dict(type='EpochBasedRunner', max_epochs=100)
work_dir = 'work/resnet18_b32_flower'
gpu_ids = [0]

2023-02-07 22:44:11,793 - mmcls - INFO - Set random seed to 996340084, deterministic: False
2023-02-07 22:44:12,214 - mmcls - INFO - initialize ResNet with init_cfg [{'type': 'Kaiming', 'layer': ['Conv2d']}, {'type': 'Constant', 'val': 1, 'layer': ['_BatchNorm', 'GroupNorm']}]
2023-02-07 22:44:12,444 - mmcls - INFO - initialize LinearClsHead with init_cfg {'type': 'Normal', 'layer': 'Linear', 'std': 0.01}
Name of parameter - Initialization information

backbone.conv1.weight - torch.Size([64, 3, 7, 7]): 
KaimingInit: a=0, mode=fan_out, nonlinearity=relu, distribution =normal, bias=0 

backbone.bn1.weight - torch.Size([64]): 
The value is the same before and after calling `init_weights` of ImageClassifier  

backbone.bn1.bias - torch.Size([64]): 
The value is the same before and after calling `init_weights` of ImageClassifier  

backbone.layer1.0.conv1.weight - torch.Size([64, 64, 3, 3]): 
KaimingInit: a=0, mode=fan_out, nonlinearity=relu, distribution =normal, bias=0 

backbone.layer1.0.bn1.weight - torch.Size([64]): 
The value is the same before and after calling `init_weights` of ImageClassifier  

backbone.layer1.0.bn1.bias - torch.Size([64]): 
The value is the same before and after calling `init_weights` of ImageClassifier  

backbone.layer1.0.conv2.weight - torch.Size([64, 64, 3, 3]): 
KaimingInit: a=0, mode=fan_out, nonlinearity=relu, distribution =normal, bias=0 

backbone.layer1.0.bn2.weight - torch.Size([64]): 
Initialized by user-defined `init_weights` in ResNet  

backbone.layer1.0.bn2.bias - torch.Size([64]): 
The value is the same before and after calling `init_weights` of ImageClassifier  

backbone.layer1.1.conv1.weight - torch.Size([64, 64, 3, 3]): 
KaimingInit: a=0, mode=fan_out, nonlinearity=relu, distribution =normal, bias=0 

backbone.layer1.1.bn1.weight - torch.Size([64]): 
The value is the same before and after calling `init_weights` of ImageClassifier  

backbone.layer1.1.bn1.bias - torch.Size([64]): 
The value is the same before and after calling `init_weights` of ImageClassifier  

backbone.layer1.1.conv2.weight - torch.Size([64, 64, 3, 3]): 
KaimingInit: a=0, mode=fan_out, nonlinearity=relu, distribution =normal, bias=0 

backbone.layer1.1.bn2.weight - torch.Size([64]): 
Initialized by user-defined `init_weights` in ResNet  

backbone.layer1.1.bn2.bias - torch.Size([64]): 
The value is the same before and after calling `init_weights` of ImageClassifier  

backbone.layer2.0.conv1.weight - torch.Size([128, 64, 3, 3]): 
KaimingInit: a=0, mode=fan_out, nonlinearity=relu, distribution =normal, bias=0 

backbone.layer2.0.bn1.weight - torch.Size([128]): 
The value is the same before and after calling `init_weights` of ImageClassifier  

backbone.layer2.0.bn1.bias - torch.Size([128]): 
The value is the same before and after calling `init_weights` of ImageClassifier  

backbone.layer2.0.conv2.weight - torch.Size([128, 128, 3, 3]): 
KaimingInit: a=0, mode=fan_out, nonlinearity=relu, distribution =normal, bias=0 

backbone.layer2.0.bn2.weight - torch.Size([128]): 
Initialized by user-defined `init_weights` in ResNet  

backbone.layer2.0.bn2.bias - torch.Size([128]): 
The value is the same before and after calling `init_weights` of ImageClassifier  

backbone.layer2.0.downsample.0.weight - torch.Size([128, 64, 1, 1]): 
KaimingInit: a=0, mode=fan_out, nonlinearity=relu, distribution =normal, bias=0 

backbone.layer2.0.downsample.1.weight - torch.Size([128]): 
The value is the same before and after calling `init_weights` of ImageClassifier  

backbone.layer2.0.downsample.1.bias - torch.Size([128]): 
The value is the same before and after calling `init_weights` of ImageClassifier  

backbone.layer2.1.conv1.weight - torch.Size([128, 128, 3, 3]): 
KaimingInit: a=0, mode=fan_out, nonlinearity=relu, distribution =normal, bias=0 

backbone.layer2.1.bn1.weight - torch.Size([128]): 
The value is the same before and after calling `init_weights` of ImageClassifier  

backbone.layer2.1.bn1.bias - torch.Size([128]): 
The value is the same before and after calling `init_weights` of ImageClassifier  

backbone.layer2.1.conv2.weight - torch.Size([128, 128, 3, 3]): 
KaimingInit: a=0, mode=fan_out, nonlinearity=relu, distribution =normal, bias=0 

backbone.layer2.1.bn2.weight - torch.Size([128]): 
Initialized by user-defined `init_weights` in ResNet  

backbone.layer2.1.bn2.bias - torch.Size([128]): 
The value is the same before and after calling `init_weights` of ImageClassifier  

backbone.layer3.0.conv1.weight - torch.Size([256, 128, 3, 3]): 
KaimingInit: a=0, mode=fan_out, nonlinearity=relu, distribution =normal, bias=0 

backbone.layer3.0.bn1.weight - torch.Size([256]): 
The value is the same before and after calling `init_weights` of ImageClassifier  

backbone.layer3.0.bn1.bias - torch.Size([256]): 
The value is the same before and after calling `init_weights` of ImageClassifier  

backbone.layer3.0.conv2.weight - torch.Size([256, 256, 3, 3]): 
KaimingInit: a=0, mode=fan_out, nonlinearity=relu, distribution =normal, bias=0 

backbone.layer3.0.bn2.weight - torch.Size([256]): 
Initialized by user-defined `init_weights` in ResNet  

backbone.layer3.0.bn2.bias - torch.Size([256]): 
The value is the same before and after calling `init_weights` of ImageClassifier  

backbone.layer3.0.downsample.0.weight - torch.Size([256, 128, 1, 1]): 
KaimingInit: a=0, mode=fan_out, nonlinearity=relu, distribution =normal, bias=0 

backbone.layer3.0.downsample.1.weight - torch.Size([256]): 
The value is the same before and after calling `init_weights` of ImageClassifier  

backbone.layer3.0.downsample.1.bias - torch.Size([256]): 
The value is the same before and after calling `init_weights` of ImageClassifier  

backbone.layer3.1.conv1.weight - torch.Size([256, 256, 3, 3]): 
KaimingInit: a=0, mode=fan_out, nonlinearity=relu, distribution =normal, bias=0 

backbone.layer3.1.bn1.weight - torch.Size([256]): 
The value is the same before and after calling `init_weights` of ImageClassifier  

backbone.layer3.1.bn1.bias - torch.Size([256]): 
The value is the same before and after calling `init_weights` of ImageClassifier  

backbone.layer3.1.conv2.weight - torch.Size([256, 256, 3, 3]): 
KaimingInit: a=0, mode=fan_out, nonlinearity=relu, distribution =normal, bias=0 

backbone.layer3.1.bn2.weight - torch.Size([256]): 
Initialized by user-defined `init_weights` in ResNet  

backbone.layer3.1.bn2.bias - torch.Size([256]): 
The value is the same before and after calling `init_weights` of ImageClassifier  

backbone.layer4.0.conv1.weight - torch.Size([512, 256, 3, 3]): 
KaimingInit: a=0, mode=fan_out, nonlinearity=relu, distribution =normal, bias=0 

backbone.layer4.0.bn1.weight - torch.Size([512]): 
The value is the same before and after calling `init_weights` of ImageClassifier  

backbone.layer4.0.bn1.bias - torch.Size([512]): 
The value is the same before and after calling `init_weights` of ImageClassifier  

backbone.layer4.0.conv2.weight - torch.Size([512, 512, 3, 3]): 
KaimingInit: a=0, mode=fan_out, nonlinearity=relu, distribution =normal, bias=0 

backbone.layer4.0.bn2.weight - torch.Size([512]): 
Initialized by user-defined `init_weights` in ResNet  

backbone.layer4.0.bn2.bias - torch.Size([512]): 
The value is the same before and after calling `init_weights` of ImageClassifier  

backbone.layer4.0.downsample.0.weight - torch.Size([512, 256, 1, 1]): 
KaimingInit: a=0, mode=fan_out, nonlinearity=relu, distribution =normal, bias=0 

backbone.layer4.0.downsample.1.weight - torch.Size([512]): 
The value is the same before and after calling `init_weights` of ImageClassifier  

backbone.layer4.0.downsample.1.bias - torch.Size([512]): 
The value is the same before and after calling `init_weights` of ImageClassifier  

backbone.layer4.1.conv1.weight - torch.Size([512, 512, 3, 3]): 
KaimingInit: a=0, mode=fan_out, nonlinearity=relu, distribution =normal, bias=0 

backbone.layer4.1.bn1.weight - torch.Size([512]): 
The value is the same before and after calling `init_weights` of ImageClassifier  

backbone.layer4.1.bn1.bias - torch.Size([512]): 
The value is the same before and after calling `init_weights` of ImageClassifier  

backbone.layer4.1.conv2.weight - torch.Size([512, 512, 3, 3]): 
KaimingInit: a=0, mode=fan_out, nonlinearity=relu, distribution =normal, bias=0 

backbone.layer4.1.bn2.weight - torch.Size([512]): 
Initialized by user-defined `init_weights` in ResNet  

backbone.layer4.1.bn2.bias - torch.Size([512]): 
The value is the same before and after calling `init_weights` of ImageClassifier  

head.fc.weight - torch.Size([5, 512]): 
NormalInit: mean=0, std=0.01, bias=0 

head.fc.bias - torch.Size([5]): 
NormalInit: mean=0, std=0.01, bias=0 
2023-02-07 22:44:27,513 - mmcls - INFO - load checkpoint from local path: /HOME/scz0be3/run/mmclassification/checkpoints/checkpoints/resnet18_batch256_imagenet_20200708-34ab8f90.pth
2023-02-07 22:44:27,601 - mmcls - WARNING - The model and loaded state dict do not match exactly

size mismatch for head.fc.weight: copying a param with shape torch.Size([1000, 512]) from checkpoint, the shape in current model is torch.Size([5, 512]).
size mismatch for head.fc.bias: copying a param with shape torch.Size([1000]) from checkpoint, the shape in current model is torch.Size([5]).
2023-02-07 22:44:27,602 - mmcls - INFO - Start running, host: scz0be3@g0023, work_dir: /data/run01/scz0be3/mmclassification/work/resnet18_b32_flower
2023-02-07 22:44:27,602 - mmcls - INFO - Hooks will be executed in the following order:
before_run:
(VERY_HIGH   ) StepLrUpdaterHook                  
(NORMAL      ) CheckpointHook                     
(LOW         ) EvalHook                           
(VERY_LOW    ) TextLoggerHook                     
 -------------------- 
before_train_epoch:
(VERY_HIGH   ) StepLrUpdaterHook                  
(LOW         ) IterTimerHook                      
(LOW         ) EvalHook                           
(VERY_LOW    ) TextLoggerHook                     
 -------------------- 
before_train_iter:
(VERY_HIGH   ) StepLrUpdaterHook                  
(LOW         ) IterTimerHook                      
(LOW         ) EvalHook                           
 -------------------- 
after_train_iter:
(ABOVE_NORMAL) OptimizerHook                      
(NORMAL      ) CheckpointHook                     
(LOW         ) IterTimerHook                      
(LOW         ) EvalHook                           
(VERY_LOW    ) TextLoggerHook                     
 -------------------- 
after_train_epoch:
(NORMAL      ) CheckpointHook                     
(LOW         ) EvalHook                           
(VERY_LOW    ) TextLoggerHook                     
 -------------------- 
before_val_epoch:
(LOW         ) IterTimerHook                      
(VERY_LOW    ) TextLoggerHook                     
 -------------------- 
before_val_iter:
(LOW         ) IterTimerHook                      
 -------------------- 
after_val_iter:
(LOW         ) IterTimerHook                      
 -------------------- 
after_val_epoch:
(VERY_LOW    ) TextLoggerHook                     
 -------------------- 
after_run:
(VERY_LOW    ) TextLoggerHook                     
 -------------------- 
2023-02-07 22:44:27,602 - mmcls - INFO - workflow: [('train', 1)], max: 100 epochs
2023-02-07 22:44:27,602 - mmcls - INFO - Checkpoints will be saved to /data/run01/scz0be3/mmclassification/work/resnet18_b32_flower by HardDiskBackend.
2023-02-07 22:44:56,786 - mmcls - INFO - Saving checkpoint at 1 epochs
2023-02-07 22:45:04,069 - mmcls - INFO - Epoch(val) [1][18]	accuracy_top-1: 91.4336, accuracy_top-5: 100.0000
2023-02-07 22:45:09,447 - mmcls - INFO - Saving checkpoint at 2 epochs
2023-02-07 22:45:10,382 - mmcls - INFO - Epoch(val) [2][18]	accuracy_top-1: 93.0070, accuracy_top-5: 100.0000
2023-02-07 22:45:15,774 - mmcls - INFO - Saving checkpoint at 3 epochs
2023-02-07 22:45:16,698 - mmcls - INFO - Epoch(val) [3][18]	accuracy_top-1: 92.6573, accuracy_top-5: 100.0000
2023-02-07 22:45:22,083 - mmcls - INFO - Saving checkpoint at 4 epochs
2023-02-07 22:45:23,023 - mmcls - INFO - Epoch(val) [4][18]	accuracy_top-1: 92.6573, accuracy_top-5: 100.0000
2023-02-07 22:45:28,450 - mmcls - INFO - Saving checkpoint at 5 epochs
2023-02-07 22:45:29,391 - mmcls - INFO - Epoch(val) [5][18]	accuracy_top-1: 93.5315, accuracy_top-5: 100.0000
2023-02-07 22:45:34,788 - mmcls - INFO - Saving checkpoint at 6 epochs
2023-02-07 22:45:35,721 - mmcls - INFO - Epoch(val) [6][18]	accuracy_top-1: 92.8322, accuracy_top-5: 100.0000
2023-02-07 22:45:41,142 - mmcls - INFO - Saving checkpoint at 7 epochs
2023-02-07 22:45:42,069 - mmcls - INFO - Epoch(val) [7][18]	accuracy_top-1: 93.5315, accuracy_top-5: 100.0000
2023-02-07 22:45:47,484 - mmcls - INFO - Saving checkpoint at 8 epochs
2023-02-07 22:45:48,422 - mmcls - INFO - Epoch(val) [8][18]	accuracy_top-1: 93.7063, accuracy_top-5: 100.0000
2023-02-07 22:45:53,806 - mmcls - INFO - Saving checkpoint at 9 epochs
2023-02-07 22:45:54,739 - mmcls - INFO - Epoch(val) [9][18]	accuracy_top-1: 93.8811, accuracy_top-5: 100.0000
2023-02-07 22:46:00,154 - mmcls - INFO - Saving checkpoint at 10 epochs
2023-02-07 22:46:01,089 - mmcls - INFO - Epoch(val) [10][18]	accuracy_top-1: 94.2308, accuracy_top-5: 100.0000
2023-02-07 22:46:06,515 - mmcls - INFO - Saving checkpoint at 11 epochs
2023-02-07 22:46:07,456 - mmcls - INFO - Epoch(val) [11][18]	accuracy_top-1: 94.0559, accuracy_top-5: 100.0000
2023-02-07 22:46:12,834 - mmcls - INFO - Saving checkpoint at 12 epochs
2023-02-07 22:46:13,772 - mmcls - INFO - Epoch(val) [12][18]	accuracy_top-1: 94.4056, accuracy_top-5: 100.0000
2023-02-07 22:46:19,179 - mmcls - INFO - Saving checkpoint at 13 epochs
2023-02-07 22:46:20,110 - mmcls - INFO - Epoch(val) [13][18]	accuracy_top-1: 93.8811, accuracy_top-5: 100.0000
2023-02-07 22:46:25,523 - mmcls - INFO - Saving checkpoint at 14 epochs
2023-02-07 22:46:26,455 - mmcls - INFO - Epoch(val) [14][18]	accuracy_top-1: 93.5315, accuracy_top-5: 100.0000
2023-02-07 22:46:31,841 - mmcls - INFO - Saving checkpoint at 15 epochs
2023-02-07 22:46:32,776 - mmcls - INFO - Epoch(val) [15][18]	accuracy_top-1: 93.5315, accuracy_top-5: 100.0000
2023-02-07 22:46:38,187 - mmcls - INFO - Saving checkpoint at 16 epochs
2023-02-07 22:46:39,119 - mmcls - INFO - Epoch(val) [16][18]	accuracy_top-1: 93.5315, accuracy_top-5: 100.0000
2023-02-07 22:46:44,557 - mmcls - INFO - Saving checkpoint at 17 epochs
2023-02-07 22:46:45,485 - mmcls - INFO - Epoch(val) [17][18]	accuracy_top-1: 94.9301, accuracy_top-5: 100.0000
2023-02-07 22:46:50,877 - mmcls - INFO - Saving checkpoint at 18 epochs
2023-02-07 22:46:51,816 - mmcls - INFO - Epoch(val) [18][18]	accuracy_top-1: 94.5804, accuracy_top-5: 100.0000
2023-02-07 22:46:57,240 - mmcls - INFO - Saving checkpoint at 19 epochs
2023-02-07 22:46:58,174 - mmcls - INFO - Epoch(val) [19][18]	accuracy_top-1: 94.0559, accuracy_top-5: 100.0000
2023-02-07 22:47:03,613 - mmcls - INFO - Saving checkpoint at 20 epochs
2023-02-07 22:47:04,547 - mmcls - INFO - Epoch(val) [20][18]	accuracy_top-1: 94.9301, accuracy_top-5: 100.0000
2023-02-07 22:47:09,955 - mmcls - INFO - Saving checkpoint at 21 epochs
2023-02-07 22:47:10,918 - mmcls - INFO - Epoch(val) [21][18]	accuracy_top-1: 93.8811, accuracy_top-5: 100.0000
2023-02-07 22:47:16,299 - mmcls - INFO - Saving checkpoint at 22 epochs
2023-02-07 22:47:17,231 - mmcls - INFO - Epoch(val) [22][18]	accuracy_top-1: 94.5804, accuracy_top-5: 100.0000
2023-02-07 22:47:22,684 - mmcls - INFO - Saving checkpoint at 23 epochs
2023-02-07 22:47:23,629 - mmcls - INFO - Epoch(val) [23][18]	accuracy_top-1: 94.9301, accuracy_top-5: 100.0000
2023-02-07 22:47:28,990 - mmcls - INFO - Saving checkpoint at 24 epochs
2023-02-07 22:47:29,922 - mmcls - INFO - Epoch(val) [24][18]	accuracy_top-1: 94.7552, accuracy_top-5: 100.0000
2023-02-07 22:47:35,309 - mmcls - INFO - Saving checkpoint at 25 epochs
2023-02-07 22:47:36,248 - mmcls - INFO - Epoch(val) [25][18]	accuracy_top-1: 95.1049, accuracy_top-5: 100.0000
2023-02-07 22:47:41,619 - mmcls - INFO - Saving checkpoint at 26 epochs
2023-02-07 22:47:42,549 - mmcls - INFO - Epoch(val) [26][18]	accuracy_top-1: 93.7063, accuracy_top-5: 100.0000
2023-02-07 22:47:48,004 - mmcls - INFO - Saving checkpoint at 27 epochs
2023-02-07 22:47:48,943 - mmcls - INFO - Epoch(val) [27][18]	accuracy_top-1: 95.1049, accuracy_top-5: 100.0000
2023-02-07 22:47:54,324 - mmcls - INFO - Saving checkpoint at 28 epochs
2023-02-07 22:47:55,256 - mmcls - INFO - Epoch(val) [28][18]	accuracy_top-1: 94.7552, accuracy_top-5: 100.0000
2023-02-07 22:48:00,646 - mmcls - INFO - Saving checkpoint at 29 epochs
2023-02-07 22:48:01,573 - mmcls - INFO - Epoch(val) [29][18]	accuracy_top-1: 95.1049, accuracy_top-5: 100.0000
2023-02-07 22:48:06,940 - mmcls - INFO - Saving checkpoint at 30 epochs
2023-02-07 22:48:07,871 - mmcls - INFO - Epoch(val) [30][18]	accuracy_top-1: 95.2797, accuracy_top-5: 100.0000
2023-02-07 22:48:13,320 - mmcls - INFO - Saving checkpoint at 31 epochs
2023-02-07 22:48:14,251 - mmcls - INFO - Epoch(val) [31][18]	accuracy_top-1: 95.1049, accuracy_top-5: 100.0000
2023-02-07 22:48:19,668 - mmcls - INFO - Saving checkpoint at 32 epochs
2023-02-07 22:48:20,603 - mmcls - INFO - Epoch(val) [32][18]	accuracy_top-1: 94.9301, accuracy_top-5: 100.0000
2023-02-07 22:48:26,007 - mmcls - INFO - Saving checkpoint at 33 epochs
2023-02-07 22:48:26,941 - mmcls - INFO - Epoch(val) [33][18]	accuracy_top-1: 94.9301, accuracy_top-5: 100.0000
2023-02-07 22:48:32,353 - mmcls - INFO - Saving checkpoint at 34 epochs
2023-02-07 22:48:33,287 - mmcls - INFO - Epoch(val) [34][18]	accuracy_top-1: 94.7552, accuracy_top-5: 100.0000
2023-02-07 22:48:38,672 - mmcls - INFO - Saving checkpoint at 35 epochs
2023-02-07 22:48:39,629 - mmcls - INFO - Epoch(val) [35][18]	accuracy_top-1: 94.5804, accuracy_top-5: 100.0000
2023-02-07 22:48:45,061 - mmcls - INFO - Saving checkpoint at 36 epochs
2023-02-07 22:48:45,999 - mmcls - INFO - Epoch(val) [36][18]	accuracy_top-1: 95.8042, accuracy_top-5: 100.0000
2023-02-07 22:48:51,427 - mmcls - INFO - Saving checkpoint at 37 epochs
2023-02-07 22:48:52,364 - mmcls - INFO - Epoch(val) [37][18]	accuracy_top-1: 94.9301, accuracy_top-5: 100.0000
2023-02-07 22:48:57,762 - mmcls - INFO - Saving checkpoint at 38 epochs
2023-02-07 22:48:58,694 - mmcls - INFO - Epoch(val) [38][18]	accuracy_top-1: 95.4545, accuracy_top-5: 100.0000
2023-02-07 22:49:04,111 - mmcls - INFO - Saving checkpoint at 39 epochs
2023-02-07 22:49:05,044 - mmcls - INFO - Epoch(val) [39][18]	accuracy_top-1: 95.9790, accuracy_top-5: 100.0000
2023-02-07 22:49:10,461 - mmcls - INFO - Saving checkpoint at 40 epochs
2023-02-07 22:49:11,397 - mmcls - INFO - Epoch(val) [40][18]	accuracy_top-1: 95.4545, accuracy_top-5: 100.0000
2023-02-07 22:49:16,791 - mmcls - INFO - Saving checkpoint at 41 epochs
2023-02-07 22:49:17,723 - mmcls - INFO - Epoch(val) [41][18]	accuracy_top-1: 94.9301, accuracy_top-5: 100.0000
2023-02-07 22:49:23,107 - mmcls - INFO - Saving checkpoint at 42 epochs
2023-02-07 22:49:24,042 - mmcls - INFO - Epoch(val) [42][18]	accuracy_top-1: 96.1538, accuracy_top-5: 100.0000
2023-02-07 22:49:29,444 - mmcls - INFO - Saving checkpoint at 43 epochs
2023-02-07 22:49:30,373 - mmcls - INFO - Epoch(val) [43][18]	accuracy_top-1: 95.1049, accuracy_top-5: 100.0000
2023-02-07 22:49:35,755 - mmcls - INFO - Saving checkpoint at 44 epochs
2023-02-07 22:49:36,683 - mmcls - INFO - Epoch(val) [44][18]	accuracy_top-1: 95.4545, accuracy_top-5: 100.0000
2023-02-07 22:49:42,065 - mmcls - INFO - Saving checkpoint at 45 epochs
2023-02-07 22:49:42,995 - mmcls - INFO - Epoch(val) [45][18]	accuracy_top-1: 95.6294, accuracy_top-5: 100.0000
2023-02-07 22:49:48,392 - mmcls - INFO - Saving checkpoint at 46 epochs
2023-02-07 22:49:49,328 - mmcls - INFO - Epoch(val) [46][18]	accuracy_top-1: 95.8042, accuracy_top-5: 100.0000
2023-02-07 22:49:54,726 - mmcls - INFO - Saving checkpoint at 47 epochs
2023-02-07 22:49:55,662 - mmcls - INFO - Epoch(val) [47][18]	accuracy_top-1: 95.8042, accuracy_top-5: 100.0000
2023-02-07 22:50:01,094 - mmcls - INFO - Saving checkpoint at 48 epochs
2023-02-07 22:50:02,024 - mmcls - INFO - Epoch(val) [48][18]	accuracy_top-1: 95.4545, accuracy_top-5: 100.0000
2023-02-07 22:50:07,389 - mmcls - INFO - Saving checkpoint at 49 epochs
2023-02-07 22:50:08,323 - mmcls - INFO - Epoch(val) [49][18]	accuracy_top-1: 95.8042, accuracy_top-5: 100.0000
2023-02-07 22:50:13,701 - mmcls - INFO - Saving checkpoint at 50 epochs
2023-02-07 22:50:14,637 - mmcls - INFO - Epoch(val) [50][18]	accuracy_top-1: 96.1538, accuracy_top-5: 100.0000
2023-02-07 22:50:20,077 - mmcls - INFO - Saving checkpoint at 51 epochs
2023-02-07 22:50:21,007 - mmcls - INFO - Epoch(val) [51][18]	accuracy_top-1: 96.1538, accuracy_top-5: 100.0000
2023-02-07 22:50:26,413 - mmcls - INFO - Saving checkpoint at 52 epochs
2023-02-07 22:50:27,350 - mmcls - INFO - Epoch(val) [52][18]	accuracy_top-1: 95.8042, accuracy_top-5: 100.0000
2023-02-07 22:50:32,718 - mmcls - INFO - Saving checkpoint at 53 epochs
2023-02-07 22:50:33,653 - mmcls - INFO - Epoch(val) [53][18]	accuracy_top-1: 95.8042, accuracy_top-5: 100.0000
2023-02-07 22:50:39,056 - mmcls - INFO - Saving checkpoint at 54 epochs
2023-02-07 22:50:39,993 - mmcls - INFO - Epoch(val) [54][18]	accuracy_top-1: 95.4545, accuracy_top-5: 100.0000
2023-02-07 22:50:45,448 - mmcls - INFO - Saving checkpoint at 55 epochs
2023-02-07 22:50:46,378 - mmcls - INFO - Epoch(val) [55][18]	accuracy_top-1: 95.9790, accuracy_top-5: 100.0000
2023-02-07 22:50:51,793 - mmcls - INFO - Saving checkpoint at 56 epochs
2023-02-07 22:50:52,726 - mmcls - INFO - Epoch(val) [56][18]	accuracy_top-1: 95.4545, accuracy_top-5: 100.0000
2023-02-07 22:50:58,136 - mmcls - INFO - Saving checkpoint at 57 epochs
2023-02-07 22:50:59,070 - mmcls - INFO - Epoch(val) [57][18]	accuracy_top-1: 95.6294, accuracy_top-5: 100.0000
2023-02-07 22:51:04,509 - mmcls - INFO - Saving checkpoint at 58 epochs
2023-02-07 22:51:05,450 - mmcls - INFO - Epoch(val) [58][18]	accuracy_top-1: 96.1538, accuracy_top-5: 100.0000
2023-02-07 22:51:10,834 - mmcls - INFO - Saving checkpoint at 59 epochs
2023-02-07 22:51:11,772 - mmcls - INFO - Epoch(val) [59][18]	accuracy_top-1: 95.9790, accuracy_top-5: 100.0000
2023-02-07 22:51:17,232 - mmcls - INFO - Saving checkpoint at 60 epochs
2023-02-07 22:51:18,175 - mmcls - INFO - Epoch(val) [60][18]	accuracy_top-1: 95.4545, accuracy_top-5: 100.0000
2023-02-07 22:51:23,577 - mmcls - INFO - Saving checkpoint at 61 epochs
2023-02-07 22:51:24,520 - mmcls - INFO - Epoch(val) [61][18]	accuracy_top-1: 96.1538, accuracy_top-5: 100.0000
2023-02-07 22:51:29,952 - mmcls - INFO - Saving checkpoint at 62 epochs
2023-02-07 22:51:30,890 - mmcls - INFO - Epoch(val) [62][18]	accuracy_top-1: 95.8042, accuracy_top-5: 100.0000
2023-02-07 22:51:36,265 - mmcls - INFO - Saving checkpoint at 63 epochs
2023-02-07 22:51:37,201 - mmcls - INFO - Epoch(val) [63][18]	accuracy_top-1: 95.9790, accuracy_top-5: 100.0000
2023-02-07 22:51:42,601 - mmcls - INFO - Saving checkpoint at 64 epochs
2023-02-07 22:51:43,528 - mmcls - INFO - Epoch(val) [64][18]	accuracy_top-1: 96.3287, accuracy_top-5: 100.0000
2023-02-07 22:51:48,926 - mmcls - INFO - Saving checkpoint at 65 epochs
2023-02-07 22:51:49,861 - mmcls - INFO - Epoch(val) [65][18]	accuracy_top-1: 95.6294, accuracy_top-5: 100.0000
2023-02-07 22:51:55,271 - mmcls - INFO - Saving checkpoint at 66 epochs
2023-02-07 22:51:56,206 - mmcls - INFO - Epoch(val) [66][18]	accuracy_top-1: 95.9790, accuracy_top-5: 100.0000
2023-02-07 22:52:01,645 - mmcls - INFO - Saving checkpoint at 67 epochs
2023-02-07 22:52:02,580 - mmcls - INFO - Epoch(val) [67][18]	accuracy_top-1: 95.8042, accuracy_top-5: 100.0000
2023-02-07 22:52:07,990 - mmcls - INFO - Saving checkpoint at 68 epochs
2023-02-07 22:52:08,921 - mmcls - INFO - Epoch(val) [68][18]	accuracy_top-1: 96.5035, accuracy_top-5: 100.0000
2023-02-07 22:52:14,382 - mmcls - INFO - Saving checkpoint at 69 epochs
2023-02-07 22:52:15,312 - mmcls - INFO - Epoch(val) [69][18]	accuracy_top-1: 96.5035, accuracy_top-5: 100.0000
2023-02-07 22:52:20,695 - mmcls - INFO - Saving checkpoint at 70 epochs
2023-02-07 22:52:21,627 - mmcls - INFO - Epoch(val) [70][18]	accuracy_top-1: 95.6294, accuracy_top-5: 100.0000
2023-02-07 22:52:27,043 - mmcls - INFO - Saving checkpoint at 71 epochs
2023-02-07 22:52:27,978 - mmcls - INFO - Epoch(val) [71][18]	accuracy_top-1: 96.1538, accuracy_top-5: 100.0000
2023-02-07 22:52:33,387 - mmcls - INFO - Saving checkpoint at 72 epochs
2023-02-07 22:52:34,325 - mmcls - INFO - Epoch(val) [72][18]	accuracy_top-1: 96.1538, accuracy_top-5: 100.0000
2023-02-07 22:52:39,717 - mmcls - INFO - Saving checkpoint at 73 epochs
2023-02-07 22:52:40,647 - mmcls - INFO - Epoch(val) [73][18]	accuracy_top-1: 95.8042, accuracy_top-5: 100.0000
2023-02-07 22:52:46,008 - mmcls - INFO - Saving checkpoint at 74 epochs
2023-02-07 22:52:46,939 - mmcls - INFO - Epoch(val) [74][18]	accuracy_top-1: 95.9790, accuracy_top-5: 100.0000
2023-02-07 22:52:52,390 - mmcls - INFO - Saving checkpoint at 75 epochs
2023-02-07 22:52:53,327 - mmcls - INFO - Epoch(val) [75][18]	accuracy_top-1: 95.8042, accuracy_top-5: 100.0000
2023-02-07 22:52:58,732 - mmcls - INFO - Saving checkpoint at 76 epochs
2023-02-07 22:52:59,664 - mmcls - INFO - Epoch(val) [76][18]	accuracy_top-1: 96.1538, accuracy_top-5: 100.0000
2023-02-07 22:53:05,080 - mmcls - INFO - Saving checkpoint at 77 epochs
2023-02-07 22:53:06,011 - mmcls - INFO - Epoch(val) [77][18]	accuracy_top-1: 96.8531, accuracy_top-5: 100.0000
2023-02-07 22:53:11,401 - mmcls - INFO - Saving checkpoint at 78 epochs
2023-02-07 22:53:12,344 - mmcls - INFO - Epoch(val) [78][18]	accuracy_top-1: 96.5035, accuracy_top-5: 100.0000
2023-02-07 22:53:17,746 - mmcls - INFO - Saving checkpoint at 79 epochs
2023-02-07 22:53:18,680 - mmcls - INFO - Epoch(val) [79][18]	accuracy_top-1: 95.8042, accuracy_top-5: 100.0000
2023-02-07 22:53:24,081 - mmcls - INFO - Saving checkpoint at 80 epochs
2023-02-07 22:53:25,015 - mmcls - INFO - Epoch(val) [80][18]	accuracy_top-1: 96.8531, accuracy_top-5: 100.0000
2023-02-07 22:53:30,403 - mmcls - INFO - Saving checkpoint at 81 epochs
2023-02-07 22:53:31,343 - mmcls - INFO - Epoch(val) [81][18]	accuracy_top-1: 96.1538, accuracy_top-5: 100.0000
2023-02-07 22:53:36,792 - mmcls - INFO - Saving checkpoint at 82 epochs
2023-02-07 22:53:37,736 - mmcls - INFO - Epoch(val) [82][18]	accuracy_top-1: 96.5035, accuracy_top-5: 100.0000
2023-02-07 22:53:43,181 - mmcls - INFO - Saving checkpoint at 83 epochs
2023-02-07 22:53:44,122 - mmcls - INFO - Epoch(val) [83][18]	accuracy_top-1: 96.6783, accuracy_top-5: 100.0000
2023-02-07 22:53:49,511 - mmcls - INFO - Saving checkpoint at 84 epochs
2023-02-07 22:53:50,447 - mmcls - INFO - Epoch(val) [84][18]	accuracy_top-1: 97.2028, accuracy_top-5: 100.0000
2023-02-07 22:53:55,828 - mmcls - INFO - Saving checkpoint at 85 epochs
2023-02-07 22:53:56,764 - mmcls - INFO - Epoch(val) [85][18]	accuracy_top-1: 96.1538, accuracy_top-5: 100.0000
2023-02-07 22:54:02,171 - mmcls - INFO - Saving checkpoint at 86 epochs
2023-02-07 22:54:03,101 - mmcls - INFO - Epoch(val) [86][18]	accuracy_top-1: 96.6783, accuracy_top-5: 100.0000
2023-02-07 22:54:08,506 - mmcls - INFO - Saving checkpoint at 87 epochs
2023-02-07 22:54:09,438 - mmcls - INFO - Epoch(val) [87][18]	accuracy_top-1: 96.6783, accuracy_top-5: 100.0000
2023-02-07 22:54:14,841 - mmcls - INFO - Saving checkpoint at 88 epochs
2023-02-07 22:54:15,777 - mmcls - INFO - Epoch(val) [88][18]	accuracy_top-1: 96.6783, accuracy_top-5: 100.0000
2023-02-07 22:54:21,164 - mmcls - INFO - Saving checkpoint at 89 epochs
2023-02-07 22:54:22,099 - mmcls - INFO - Epoch(val) [89][18]	accuracy_top-1: 97.2028, accuracy_top-5: 100.0000
2023-02-07 22:54:27,524 - mmcls - INFO - Saving checkpoint at 90 epochs
2023-02-07 22:54:28,454 - mmcls - INFO - Epoch(val) [90][18]	accuracy_top-1: 96.6783, accuracy_top-5: 100.0000
2023-02-07 22:54:33,880 - mmcls - INFO - Saving checkpoint at 91 epochs
2023-02-07 22:54:34,816 - mmcls - INFO - Epoch(val) [91][18]	accuracy_top-1: 96.8531, accuracy_top-5: 100.0000
2023-02-07 22:54:40,244 - mmcls - INFO - Saving checkpoint at 92 epochs
2023-02-07 22:54:41,178 - mmcls - INFO - Epoch(val) [92][18]	accuracy_top-1: 97.0280, accuracy_top-5: 100.0000
2023-02-07 22:54:46,558 - mmcls - INFO - Saving checkpoint at 93 epochs
2023-02-07 22:54:47,489 - mmcls - INFO - Epoch(val) [93][18]	accuracy_top-1: 96.1538, accuracy_top-5: 100.0000
2023-02-07 22:54:52,924 - mmcls - INFO - Saving checkpoint at 94 epochs
2023-02-07 22:54:53,868 - mmcls - INFO - Epoch(val) [94][18]	accuracy_top-1: 97.2028, accuracy_top-5: 100.0000
2023-02-07 22:54:59,275 - mmcls - INFO - Saving checkpoint at 95 epochs
2023-02-07 22:55:00,211 - mmcls - INFO - Epoch(val) [95][18]	accuracy_top-1: 96.6783, accuracy_top-5: 100.0000
2023-02-07 22:55:05,666 - mmcls - INFO - Saving checkpoint at 96 epochs
2023-02-07 22:55:06,603 - mmcls - INFO - Epoch(val) [96][18]	accuracy_top-1: 97.0280, accuracy_top-5: 100.0000
2023-02-07 22:55:11,983 - mmcls - INFO - Saving checkpoint at 97 epochs
2023-02-07 22:55:12,920 - mmcls - INFO - Epoch(val) [97][18]	accuracy_top-1: 97.0280, accuracy_top-5: 100.0000
2023-02-07 22:55:18,332 - mmcls - INFO - Saving checkpoint at 98 epochs
2023-02-07 22:55:19,270 - mmcls - INFO - Epoch(val) [98][18]	accuracy_top-1: 96.6783, accuracy_top-5: 100.0000
2023-02-07 22:55:24,678 - mmcls - INFO - Saving checkpoint at 99 epochs
2023-02-07 22:55:25,614 - mmcls - INFO - Epoch(val) [99][18]	accuracy_top-1: 96.5035, accuracy_top-5: 100.0000
2023-02-07 22:55:31,011 - mmcls - INFO - Saving checkpoint at 100 epochs
2023-02-07 22:55:31,949 - mmcls - INFO - Epoch(val) [100][18]	accuracy_top-1: 96.3287, accuracy_top-5: 100.0000
